
          -------------------------------------------------------
          Amber 20 SANDER                              2020
          -------------------------------------------------------

| Run on 06/21/2021 at 16:56:15

|   Executable path: sander
| Working directory: /Users/sllabres/PROYECTOS/IQTCUB_advancedcourse2021/MPRO
|          Hostname: Unknown
  [-O]verwriting output

File Assignments:
|  MDIN: sander_heat.in                                                        
| MDOUT: heat_classical.out                                                    
|INPCRD: system.min.rst7                                                       
|  PARM: system.parm7                                                          
|RESTRT: system.heat.rst7                                                      
|  REFC: refc                                                                  
| MDVEL: mdvel                                                                 
| MDFRC: mdfrc                                                                 
|  MDEN: mden                                                                  
| MDCRD: system.heat.nc                                                        
|MDINFO: mdinfo                                                                
|  MTMD: mtmd                                                                  
|INPDIP: inpdip                                                                
|RSTDIP: rstdip                                                                
|INPTRA: inptraj                                                               


 Here is the input file:

Heating ramp from 0K to 300K                                                   
 &cntrl                                                                        
  imin=0,                   ! Run molecular dynamics.                          
  ntx=1,                    ! Initial file contains coordinates, but no velocities.
  irest=0,                  ! Do not restart the simulation, (only read coordinates from the coordinates file)
  nstlim=15000,             ! Number of MD-steps to be performed.              
  dt=0.002,                 ! Time step (ps)                                   
  ntf=2, ntc=2,             ! Constrain lengths of bonds having hydrogen atoms (SHAKE)
  tempi=0.0, temp0=298.0,   ! Initial and final temperature                    
  ntpr=500, ntwx=500,       ! Output options                                   
  cut=8.0,                  ! non-bond cut off                                 
  ntb=1,                    ! Periodic conditiond at constant volume           
  ntp=0,                    ! No pressure scaling                              
  ntt=3, gamma_ln=2.0,      ! Temperature scaling using Langevin dynamics with the collision frequency in gamma_ln (ps−1)
  ig=-1,                    ! seed for the pseudo-random number generator will be based on the current date and time.
  nmropt=1,                 ! NMR options to give the temperature ramp.        
 /                                                                             
&wt type='TEMP0', istep1=0, istep2=12000, value1=0.0, value2=298.0 /           
&wt type='TEMP0', istep1=12001, istep2=15000, value1=298.0, value2=298.0 /     
&wt type='END' /                                                               

--------------------------------------------------------------------------------
   1.  RESOURCE   USE: 
--------------------------------------------------------------------------------

| Flags:                                                                        
 getting box info from netcdf restart file
| NetCDF restart box info found
|Largest sphere to fit in unit cell has radius =    38.119
| New format PARM file being parsed.
| Version =    1.000 Date = 06/21/21 Time = 16:16:39
 NATOM  =   56037 NTYPES =      25 NBONH =   53669 MBONA  =    2417
 NTHETH =    5236 MTHETA =    3284 NPHIH =   10790 MPHIA  =   10502
 NHPARM =       0 NPARM  =       0 NNB   =   94242 NRES   =   17427
 NBONA  =    2417 NTHETA =    3284 NPHIA =   10502 NUMBND =      82
 NUMANG =     179 NPTRA  =     216 NATYP =      47 NPHB   =       1
 IFBOX  =       2 NMXRS  =      34 IFCAP =       0 NEXTRA =       0
 NCOPY  =       0


|     Memory Use     Allocated
|     Real             4286977
|     Hollerith         185540
|     Integer          2312801
|     Max Pairs       18679000
|     nblistReal        672444
|     nblist Int       2298392
|       Total           130447 kbytes

| Note: 1-4 EEL scale factors are being read from the topology file.

| Note: 1-4 VDW scale factors are being read from the topology file.
| Duplicated    0 dihedrals
| Duplicated    0 dihedrals

     BOX TYPE: TRUNCATED OCTAHEDRON
Note: ig = -1. Setting random seed to   104463 based on wallclock time in microseconds.

--------------------------------------------------------------------------------
   2.  CONTROL  DATA  FOR  THE  RUN
--------------------------------------------------------------------------------

GWS                                                                             

General flags:
     imin    =       0, nmropt  =       1

Nature and format of input:
     ntx     =       1, irest   =       0, ntrx    =       1

Nature and format of output:
     ntxo    =       2, ntpr    =     500, ntrx    =       1, ntwr    =   15000
     iwrap   =       0, ntwx    =     500, ntwv    =       0, ntwe    =       0
     ioutfm  =       1, ntwprt  =       0, idecomp =       0, rbornstat=      0

Potential function:
     ntf     =       2, ntb     =       1, igb     =       0, nsnb    =      25
     ipol    =       0, gbsa    =       0, iesp    =       0
     dielc   =   1.00000, cut     =   8.00000, intdiel =   1.00000

Frozen or restrained atoms:
     ibelly  =       0, ntr     =       0

Molecular dynamics:
     nstlim  =     15000, nscm    =      1000, nrespa  =         1
     t       =   0.00000, dt      =   0.00200, vlimit  =  20.00000

Langevin dynamics temperature regulation:
     ig      =  104463
     temp0   = 298.00000, tempi   =   0.00000, gamma_ln=   2.00000

SHAKE:
     ntc     =       2, jfastw  =       0
     tol     =   0.00001

NMR refinement options:
     iscale  =       0, noeskp  =       1, ipnlty  =       1, mxsub   =       1
     scalm   = 100.00000, pencut  =   0.10000, tausw   =   0.10000

Ewald parameters:
     verbose =       0, ew_type =       0, nbflag  =       1, use_pme =       1
     vdwmeth =       1, eedmeth =       1, netfrc  =       1
     Box X =   93.373   Box Y =   93.373   Box Z =   93.373
     Alpha =  109.471   Beta  =  109.471   Gamma =  109.471
     NFFT1 =   96       NFFT2 =   96       NFFT3 =   96
     Cutoff=    8.000   Tol   =0.100E-04
     Ewald Coefficient =  0.34864
     Interpolation order =    4
|  INFO: Old style inpcrd file read


--------------------------------------------------------------------------------
   3.  ATOMIC COORDINATES AND VELOCITIES
--------------------------------------------------------------------------------

GWS                                                                             
 begin time read from input coords =     0.000 ps



           Begin reading energy term weight changes/NMR restraints
 WEIGHT CHANGES:
 TEMP0         0  12000    0.000000  298.000000      0      0
 TEMP0     12001  15000  298.000000  298.000000      0      0

 RESTRAINTS:
                          ** No restraint defined **

                  Done reading weight changes/NMR restraints


 Number of triangulated 3-point waters found:    17118

     Sum of charges from parm topology file =  -0.00000016
     Forcing neutrality...

--------------------------------------------------------------------------------
   4.  RESULTS
--------------------------------------------------------------------------------

|  # of SOLUTE  degrees of freedom (RNDFP):  114442.
|  # of SOLVENT degrees of freedom (RNDFS):       0.
|  NDFMIN =  114442.     NUM_NOSHAKE =      0     CORRECTED RNDFP =  114442.
|  TOTAL # of degrees of freedom (RNDF) =  114442.
 ---------------------------------------------------
 APPROXIMATING switch and d/dx switch using CUBIC SPLINE INTERPOLATION
 using   5000.0 points per unit in tabled values
 TESTING RELATIVE ERROR over r ranging from 0.0 to cutoff
| CHECK switch(x): max rel err =   0.2738E-14   at   2.422500
| CHECK d/dx switch(x): max rel err =   0.8332E-11   at   2.782960
 ---------------------------------------------------
| Local SIZE OF NONBOND LIST =   10557866
| TOTAL SIZE OF NONBOND LIST =   10557866

 NSTEP =        0   TIME(PS) =       0.000  TEMP(K) =     0.00  PRESS =     0.0
 Etot   =   -242916.4502  EKtot   =         0.0000  EPtot      =   -242916.4502
 BOND   =       154.5184  ANGLE   =       608.7101  DIHED      =      3427.1368
 1-4 NB =       953.4395  1-4 EEL =     12045.4340  VDWAALS    =     41784.9344
 EELEC  =   -301890.6234  EHBOND  =         0.0000  RESTRAINT  =         0.0000
 Ewald error estimate:   0.1008E-03
 ------------------------------------------------------------------------------

 NMR restraints: Bond =    0.000   Angle =     0.000   Torsion =     0.000
===============================================================================

 NSTEP =      500   TIME(PS) =       1.000  TEMP(K) =    11.07  PRESS =     0.0
 Etot   =   -209195.5488  EKtot   =      1258.8670  EPtot      =   -210454.4158
 BOND   =       169.5151  ANGLE   =       660.4542  DIHED      =      3438.2235
 1-4 NB =       954.7854  1-4 EEL =     12033.1193  VDWAALS    =     33490.7810
 EELEC  =   -261201.2942  EHBOND  =         0.0000  RESTRAINT  =         0.0000
 Ewald error estimate:   0.2096E-03
 ------------------------------------------------------------------------------

 NMR restraints: Bond =    0.000   Angle =     0.000   Torsion =     0.000
===============================================================================

 NSTEP =     1000   TIME(PS) =       2.000  TEMP(K) =    21.04  PRESS =     0.0
 Etot   =   -207927.8320  EKtot   =      2392.9041  EPtot      =   -210320.7361
 BOND   =       198.5327  ANGLE   =       731.3083  DIHED      =      3432.7043
 1-4 NB =       958.7574  1-4 EEL =     12039.9113  VDWAALS    =     33480.5579
 EELEC  =   -261162.5080  EHBOND  =         0.0000  RESTRAINT  =         0.0000
 Ewald error estimate:   0.2124E-03
 ------------------------------------------------------------------------------

 NMR restraints: Bond =    0.000   Angle =     0.000   Torsion =     0.000
===============================================================================
