            --------------------------------------------------------
                             AMBER SQM VERSION 19
 
                                     By
              Ross C. Walker, Michael F. Crowley, Scott Brozell,
                         Tim Giese, Andreas W. Goetz,
                        Tai-Sung Lee and David A. Case
 
            --------------------------------------------------------
 

--------------------------------------------------------------------------------
  QM CALCULATION INFO
--------------------------------------------------------------------------------

| QMMM: Citation for AMBER QMMM Run:
| QMMM: R.C. Walker, M.F. Crowley and D.A. Case, J. COMP. CHEM. 29:1019, 2008

QMMM: SINGLET STATE CALCULATION
QMMM: RHF CALCULATION, NO. OF DOUBLY OCCUPIED LEVELS = 43

| QMMM: *** Selected Hamiltonian *** 
| QMMM: AM1         

| QMMM: *** Parameter sets in use ***
| QMMM: N : M.J.S.DEWAR et al. JACS, 107, 3902, (1985)
| QMMM: C : M.J.S.DEWAR et al. JACS, 107, 3902, (1985)
| QMMM: O : M.J.S.DEWAR et al. JACS, 107, 3902, (1985)
| QMMM: H : M.J.S.DEWAR et al. JACS, 107, 3902, (1985)

| QMMM: *** SCF convergence criteria ***
| QMMM: Energy change                :  0.1D-09 kcal/mol
| QMMM: Error matrix |FP-PF|         :  0.1D+00 au
| QMMM: Density matrix change        :  0.5D-06
| QMMM: Maximum number of SCF cycles :     1000

| QMMM: *** Diagonalization Routine Information ***
| QMMM: Pseudo diagonalizations are allowed.
| QMMM: Auto diagonalization routine selection is in use.
| QMMM:
| QMMM: Timing diagonalization routines:
| QMMM:                              norbs =       82
| QMMM:    diag iterations used for timing =       15
| QMMM:
| QMMM:              Internal diag routine = 0.017165 seconds
| QMMM:                 Dspev diag routine = 0.020058 seconds
| QMMM:                Dspevd diag routine = 0.009703 seconds
| QMMM:                Dspevx diag routine = 0.057089 seconds
| QMMM:                 Dsyev diag routine = 0.018992 seconds
| QMMM:                Dsyevd diag routine = 0.012777 seconds
| QMMM:                Dsyevr diag routine = 0.015501 seconds
| QMMM:
| QMMM:                Pseudo diag routine = 0.006986 seconds
| QMMM:
| QMMM: Using dspevd routine (diag_routine=3).

  QMMM: QM Region Cartesian Coordinates (*=link atom) 
  QMMM: QM_NO.   MM_NO.  ATOM         X         Y         Z
  QMMM:     1        1      N        8.0270   -0.3210   21.1040
  QMMM:     2        2      C        9.3180    0.1790   21.4520
  QMMM:     3        3      O        9.8710    0.9150   20.7010
  QMMM:     4        4      C        9.9280   -0.2750   22.7730
  QMMM:     5        5      N        7.5340    0.3440   17.5810
  QMMM:     6        6      C       11.4520   -0.2750   22.7120
  QMMM:     7        7      C       11.9730   -0.5340   24.1180
  QMMM:     8        8      C       13.4880   -0.5140   24.0620
  QMMM:     9        9      C       13.9760   -1.6820   23.2210
  QMMM:    10       10      C       13.4570   -1.5250   21.8030
  QMMM:    11       11      C       11.9470   -1.3430   21.7400
  QMMM:    12       12      C        7.4310    0.1160   19.8830
  QMMM:    13       13      C        6.1970    0.7510   19.9620
  QMMM:    14       14      C        5.6480    1.1680   18.7500
  QMMM:    15       15      C        6.3540    0.9440   17.5790
  QMMM:    16       16      C        8.0960   -0.0720   18.6860
  QMMM:    17       17      H        7.5580   -0.9540   21.6940
  QMMM:    18       18      H        9.5880   -1.2660   22.9910
  QMMM:    19       19      H        9.6220    0.4080   23.5370
  QMMM:    20       20      H       11.8120    0.6680   22.3570
  QMMM:    21       21      H       11.6340   -1.4890   24.4620
  QMMM:    22       22      H       11.6140    0.2140   24.7930
  QMMM:    23       23      H       13.8170    0.4050   23.6230
  QMMM:    24       24      H       13.8840   -0.5960   25.0530
  QMMM:    25       25      H       15.0460   -1.6940   23.2120
  QMMM:    26       26      H       13.6170   -2.6000   23.6370
  QMMM:    27       27      H       13.9230   -0.6680   21.3620
  QMMM:    28       28      H       13.6940   -2.4240   21.2740
  QMMM:    29       29      H       11.4780   -2.2730   21.9830
  QMMM:    30       30      H       11.6960   -1.0260   20.7490
  QMMM:    31       31      H        5.7170    0.9040   20.8620
  QMMM:    32       32      H        4.7290    1.6370   18.7250
  QMMM:    33       33      H        5.9490    1.2530   16.6810
  QMMM:    34       34      H        9.0190   -0.5320   18.6650

--------------------------------------------------------------------------------
  RESULTS
--------------------------------------------------------------------------------

      iter         sqm energy              rms gradient
      ----    -------------------    -----------------------
xmin    10      -35.7717 kcal/mol        1.4488 kcal/(mol*A)
xmin    20      -36.5643 kcal/mol        0.8228 kcal/(mol*A)
xmin    30      -36.7711 kcal/mol        0.2448 kcal/(mol*A)
xmin    40      -36.8364 kcal/mol        0.0781 kcal/(mol*A)
xmin    50      -36.8565 kcal/mol        0.0872 kcal/(mol*A)
xmin    60      -36.8851 kcal/mol        0.1174 kcal/(mol*A)
xmin    70      -36.8983 kcal/mol        0.2172 kcal/(mol*A)
xmin    80      -36.9205 kcal/mol        0.0399 kcal/(mol*A)
xmin    90      -36.9225 kcal/mol        0.0408 kcal/(mol*A)
xmin   100      -36.9256 kcal/mol        0.0285 kcal/(mol*A)
xmin   110      -36.9340 kcal/mol        0.0406 kcal/(mol*A)
xmin   120      -36.9403 kcal/mol        0.0292 kcal/(mol*A)
xmin   130      -36.9594 kcal/mol        0.0619 kcal/(mol*A)
xmin   140      -36.9626 kcal/mol        0.0362 kcal/(mol*A)
xmin   150      -36.9686 kcal/mol        0.0517 kcal/(mol*A)
xmin   160      -36.9716 kcal/mol        0.0510 kcal/(mol*A)
xmin   170      -36.9819 kcal/mol        0.0618 kcal/(mol*A)
xmin   180      -36.9941 kcal/mol        0.0416 kcal/(mol*A)
xmin   190      -37.0067 kcal/mol        0.0859 kcal/(mol*A)
xmin   200      -37.0166 kcal/mol        0.0758 kcal/(mol*A)
xmin   210      -37.0264 kcal/mol        0.0354 kcal/(mol*A)
xmin   220      -37.0458 kcal/mol        0.2433 kcal/(mol*A)
xmin   230      -37.0573 kcal/mol        0.1608 kcal/(mol*A)
xmin   240      -37.0708 kcal/mol        0.1840 kcal/(mol*A)
xmin   250      -37.0937 kcal/mol        0.0396 kcal/(mol*A)
xmin   260      -37.1195 kcal/mol        0.0412 kcal/(mol*A)
xmin   270      -37.1113 kcal/mol        0.7664 kcal/(mol*A)
xmin   280      -37.1462 kcal/mol        0.1275 kcal/(mol*A)
xmin   290      -37.1636 kcal/mol        0.0409 kcal/(mol*A)
xmin   300      -37.1716 kcal/mol        0.1509 kcal/(mol*A)
xmin   310      -37.1798 kcal/mol        0.1246 kcal/(mol*A)
xmin   320      -37.1852 kcal/mol        0.0454 kcal/(mol*A)
xmin   330      -37.1863 kcal/mol        0.0409 kcal/(mol*A)
xmin   340      -37.1872 kcal/mol        0.0328 kcal/(mol*A)
xmin   350      -37.1888 kcal/mol        0.0231 kcal/(mol*A)
xmin   360      -37.1892 kcal/mol        0.0188 kcal/(mol*A)
xmin   370      -37.1895 kcal/mol        0.0132 kcal/(mol*A)
xmin   380      -37.1897 kcal/mol        0.0292 kcal/(mol*A)
xmin   390      -37.1898 kcal/mol        0.0031 kcal/(mol*A)
xmin   400      -37.1899 kcal/mol        0.0021 kcal/(mol*A)
xmin   410      -37.1899 kcal/mol        0.0065 kcal/(mol*A)
xmin   420      -37.1899 kcal/mol        0.0016 kcal/(mol*A)
xmin   430      -37.1900 kcal/mol        0.0032 kcal/(mol*A)
xmin   440      -37.1900 kcal/mol        0.0058 kcal/(mol*A)
  ... geometry converged !
 
 Final MO eigenvalues (eV):
 -40.8288  -39.8396  -38.7722  -35.8750  -33.9561  -32.7009  -31.8594  -30.4562
 -28.1799  -24.6123  -24.1954  -23.6090  -22.7367  -21.2610  -20.4551  -18.5932
 -18.1358  -17.5126  -16.8331  -16.2365  -15.8547  -15.4321  -15.3803  -15.1487
 -15.0040  -14.6183  -14.2275  -14.0241  -13.9443  -13.3727  -13.3073  -13.0512
 -12.8259  -12.1335  -12.0820  -12.0294  -11.5123  -11.3509  -11.2354  -10.8861
 -10.5655  -10.5055   -8.9719    0.0453    0.3005    1.2848    1.5582    2.8764
   3.0799    3.1765    3.4615    3.4652    3.6299    3.6655    3.7081    3.8157
   3.8937    3.9253    3.9987    4.0555    4.0866    4.2406    4.2517    4.2621
   4.3319    4.4795    4.5784    4.6151    4.6420    4.7610    4.7758    4.9663
   5.0006    5.0341    5.0574    5.0707    5.1305    5.1363    5.7991    5.8987
   6.7305    7.0109

 Heat of formation   =        -37.18999152 kcal/mol  (       -1.61267905 eV)

 Total SCF energy    =     -61057.53933037 kcal/mol  (    -2647.65358529 eV)
 Electronic energy   =    -379392.66683209 kcal/mol  (   -16451.70056945 eV)
 Core-core repulsion =     318335.12750172 kcal/mol  (    13804.04698416 eV)
 
    Atomic Charges for Step       1 :
  Atom    Element       Mulliken Charge
     1      N                 -0.321
     2      C                  0.311
     3      O                 -0.346
     4      C                 -0.179
     5      N                 -0.117
     6      C                 -0.102
     7      C                 -0.152
     8      C                 -0.155
     9      C                 -0.157
    10      C                 -0.154
    11      C                 -0.157
    12      C                  0.026
    13      C                 -0.156
    14      C                 -0.154
    15      C                 -0.102
    16      C                 -0.091
    17      H                  0.230
    18      H                  0.095
    19      H                  0.124
    20      H                  0.111
    21      H                  0.079
    22      H                  0.085
    23      H                  0.084
    24      H                  0.082
    25      H                  0.082
    26      H                  0.078
    27      H                  0.085
    28      H                  0.081
    29      H                  0.075
    30      H                  0.080
    31      H                  0.133
    32      H                  0.142
    33      H                  0.160
    34      H                  0.200
 Total Mulliken Charge =       0.000
 
                  X        Y        Z     TOTAL  
  QM DIPOLE    -0.374   -4.167    3.255    5.301
 
 Final Structure

  QMMM: QM Region Cartesian Coordinates (*=link atom) 
  QMMM: QM_NO.   MM_NO.  ATOM         X         Y         Z
  QMMM:     1        1      N        8.5773    0.3237   21.0873
  QMMM:     2        2      C        9.6388    1.1120   21.5164
  QMMM:     3        3      O       10.0413    2.1025   20.8813
  QMMM:     4        4      C       10.2897    0.7173   22.8332
  QMMM:     5        5      N        7.2300    1.7292   17.9147
  QMMM:     6        6      C       11.5519   -0.0996   22.5991
  QMMM:     7        7      C       12.4038   -0.0901   23.8626
  QMMM:     8        8      C       13.6623   -0.9129   23.6817
  QMMM:     9        9      C       13.3391   -2.3326   23.2644
  QMMM:    10       10      C       12.4828   -2.3520   22.0153
  QMMM:    11       11      C       11.2231   -1.5299   22.1956
  QMMM:    12       12      C        7.8182    0.4800   19.9224
  QMMM:    13       13      C        6.8312   -0.4845   19.6033
  QMMM:    14       14      C        6.0674   -0.3214   18.4516
  QMMM:    15       15      C        6.2982    0.7983   17.6354
  QMMM:    16       16      C        7.9694    1.5784   19.0229
  QMMM:    17       17      H        8.3662   -0.4840   21.6314
  QMMM:    18       18      H        9.5850    0.1552   23.4985
  QMMM:    19       19      H       10.5581    1.6762   23.3544
  QMMM:    20       20      H       12.1415    0.3828   21.7682
  QMMM:    21       21      H       11.8050   -0.5001   24.7177
  QMMM:    22       22      H       12.6813    0.9659   24.1178
  QMMM:    23       23      H       14.3129   -0.4336   22.9035
  QMMM:    24       24      H       14.2397   -0.9254   24.6427
  QMMM:    25       25      H       14.2902   -2.8952   23.0766
  QMMM:    26       26      H       12.7981   -2.8537   24.0974
  QMMM:    27       27      H       13.0723   -1.9457   21.1515
  QMMM:    28       28      H       12.2045   -3.4090   21.7659
  QMMM:    29       29      H       10.5777   -2.0016   22.9826
  QMMM:    30       30      H       10.6440   -1.5273   21.2358
  QMMM:    31       31      H        6.6606   -1.3563   20.2521
  QMMM:    32       32      H        5.2963   -1.0560   18.1842
  QMMM:    33       33      H        5.7130    0.9626   16.7140
  QMMM:    34       34      H        8.7230    2.3700   19.2059

           --------- Calculation Completed ----------

