
          -------------------------------------------------------
          Amber 20 SANDER                              2020
          -------------------------------------------------------

| Run on 06/21/2021 at 16:16:50

|   Executable path: sander
| Working directory: /Users/sllabres/PROYECTOS/IQTCUB_advancedcourse2021/MPRO
|          Hostname: Unknown
  [-O]verwriting output

File Assignments:
|  MDIN: sander_min.in                                                         
| MDOUT: min_classical.out                                                     
|INPCRD: system.rst7                                                           
|  PARM: system.parm7                                                          
|RESTRT: system.min.rst7                                                       
|  REFC: refc                                                                  
| MDVEL: mdvel                                                                 
| MDFRC: mdfrc                                                                 
|  MDEN: mden                                                                  
| MDCRD: mdcrd                                                                 
|MDINFO: mdinfo                                                                
|  MTMD: mtmd                                                                  
|INPDIP: inpdip                                                                
|RSTDIP: rstdip                                                                
|INPTRA: inptraj                                                               


 Here is the input file:

Minimisation of system                                                         
 &cntrl                                                                        
  imin=1,        ! Perform an energy minimization.                             
  maxcyc=4000,   ! The maximum number of cycles of minimization.               
  ncyc=2000,     ! The method will be switched from steepest descent to conjugate gradient after NCYC cycles.
 /                                                                             

--------------------------------------------------------------------------------
   1.  RESOURCE   USE: 
--------------------------------------------------------------------------------

| Flags:                                                                        
 getting new box info from bottom of inpcrd
|  INFO: Old style inpcrd file read

| peek_ewald_inpcrd: Box info found
|Largest sphere to fit in unit cell has radius =    38.119
| New format PARM file being parsed.
| Version =    1.000 Date = 06/21/21 Time = 16:16:39
 NATOM  =   56037 NTYPES =      25 NBONH =   53669 MBONA  =    2417
 NTHETH =    5236 MTHETA =    3284 NPHIH =   10790 MPHIA  =   10502
 NHPARM =       0 NPARM  =       0 NNB   =   94242 NRES   =   17427
 NBONA  =    2417 NTHETA =    3284 NPHIA =   10502 NUMBND =      82
 NUMANG =     179 NPTRA  =     216 NATYP =      47 NPHB   =       1
 IFBOX  =       2 NMXRS  =      34 IFCAP =       0 NEXTRA =       0
 NCOPY  =       0


|     Memory Use     Allocated
|     Real             5159390
|     Hollerith         185540
|     Integer          2312751
|     Max Pairs       18679000
|     nblistReal        672444
|     nblist Int       2298392
|       Total           137263 kbytes

| Note: 1-4 EEL scale factors are being read from the topology file.

| Note: 1-4 VDW scale factors are being read from the topology file.
| Duplicated    0 dihedrals
| Duplicated    0 dihedrals

     BOX TYPE: TRUNCATED OCTAHEDRON

--------------------------------------------------------------------------------
   2.  CONTROL  DATA  FOR  THE  RUN
--------------------------------------------------------------------------------

GWS                                                                             

General flags:
     imin    =       1, nmropt  =       0

Nature and format of input:
     ntx     =       1, irest   =       0, ntrx    =       1

Nature and format of output:
     ntxo    =       2, ntpr    =      50, ntrx    =       1, ntwr    =       1
     iwrap   =       0, ntwx    =       0, ntwv    =       0, ntwe    =       0
     ioutfm  =       1, ntwprt  =       0, idecomp =       0, rbornstat=      0

Potential function:
     ntf     =       1, ntb     =       1, igb     =       0, nsnb    =      25
     ipol    =       0, gbsa    =       0, iesp    =       0
     dielc   =   1.00000, cut     =   8.00000, intdiel =   1.00000

Frozen or restrained atoms:
     ibelly  =       0, ntr     =       0

Energy minimization:
     maxcyc  =    4000, ncyc    =    2000, ntmin   =       1
     dx0     =   0.01000, drms    =   0.00010

Ewald parameters:
     verbose =       0, ew_type =       0, nbflag  =       1, use_pme =       1
     vdwmeth =       1, eedmeth =       1, netfrc  =       0
     Box X =   93.373   Box Y =   93.373   Box Z =   93.373
     Alpha =  109.471   Beta  =  109.471   Gamma =  109.471
     NFFT1 =   96       NFFT2 =   96       NFFT3 =   96
     Cutoff=    8.000   Tol   =0.100E-04
     Ewald Coefficient =  0.34864
     Interpolation order =    4

--------------------------------------------------------------------------------
   3.  ATOMIC COORDINATES AND VELOCITIES
--------------------------------------------------------------------------------

GWS                                                                             
 begin time read from input coords =     0.000 ps

 Number of triangulated 3-point waters found:    17118

     Sum of charges from parm topology file =  -0.00000016
     Forcing neutrality...

--------------------------------------------------------------------------------
   4.  RESULTS
--------------------------------------------------------------------------------

 ---------------------------------------------------
 APPROXIMATING switch and d/dx switch using CUBIC SPLINE INTERPOLATION
 using   5000.0 points per unit in tabled values
 TESTING RELATIVE ERROR over r ranging from 0.0 to cutoff
| CHECK switch(x): max rel err =   0.2738E-14   at   2.422500
| CHECK d/dx switch(x): max rel err =   0.8332E-11   at   2.782960
 ---------------------------------------------------
| Local SIZE OF NONBOND LIST =   10495688
| TOTAL SIZE OF NONBOND LIST =   10495688


   NSTEP       ENERGY          RMS            GMAX         NAME    NUMBER
      1       7.6491E+08     5.8438E+07     1.6736E+10     O        4684

 BOND    =      326.9084  ANGLE   =      684.4332  DIHED      =     3621.9326
 VDWAALS = *************  EEL     =  -187111.0194  HBOND      =        0.0000
 1-4 VDW =     1248.8331  1-4 EEL =    12614.9533  RESTRAINT  =        0.0000


   NSTEP       ENERGY          RMS            GMAX         NAME    NUMBER
     50      -1.8097E+05     2.1347E+00     3.1130E+02     CG       3304

 BOND    =     9945.2463  ANGLE   =      650.6501  DIHED      =     3609.2059
 VDWAALS =    14364.1844  EEL     =  -223002.2380  HBOND      =        0.0000
 1-4 VDW =     1111.7555  1-4 EEL =    12354.6127  RESTRAINT  =        0.0000


   NSTEP       ENERGY          RMS            GMAX         NAME    NUMBER
    100      -1.9104E+05     2.7322E+00     7.1665E+02     CG       3304

 BOND    =    10907.9312  ANGLE   =      567.7996  DIHED      =     3563.2098
 VDWAALS =    15536.6727  EEL     =  -234986.1003  HBOND      =        0.0000
 1-4 VDW =     1068.6345  1-4 EEL =    12300.6574  RESTRAINT  =        0.0000


   NSTEP       ENERGY          RMS            GMAX         NAME    NUMBER
    150      -1.9556E+05     8.2480E-01     6.8556E+01     CG       3304

 BOND    =    11246.9556  ANGLE   =      566.1422  DIHED      =     3551.0654
 VDWAALS =    16890.7207  EEL     =  -241130.8920  HBOND      =        0.0000
 1-4 VDW =     1047.0141  1-4 EEL =    12269.1398  RESTRAINT  =        0.0000


   NSTEP       ENERGY          RMS            GMAX         NAME    NUMBER
    200      -1.9852E+05     6.9864E-01     6.9930E+01     CG       3304

 BOND    =    11661.4663  ANGLE   =      567.6230  DIHED      =     3538.9708
 VDWAALS =    18185.7931  EEL     =  -245751.5606  HBOND      =        0.0000
 1-4 VDW =     1032.9972  1-4 EEL =    12245.5019  RESTRAINT  =        0.0000


   NSTEP       ENERGY          RMS            GMAX         NAME    NUMBER
    250      -2.0072E+05     8.1332E-01     1.2488E+02     CG       3304

 BOND    =    12013.2069  ANGLE   =      568.7920  DIHED      =     3528.4620
 VDWAALS =    19379.5480  EEL     =  -249466.2681  HBOND      =        0.0000
 1-4 VDW =     1023.5684  1-4 EEL =    12228.7353  RESTRAINT  =        0.0000


   NSTEP       ENERGY          RMS            GMAX         NAME    NUMBER
    300      -2.0248E+05     1.7857E+00     3.0208E+02     C        4338

 BOND    =    12414.3540  ANGLE   =      576.5453  DIHED      =     3519.7970
 VDWAALS =    20519.6419  EEL     =  -252743.2276  HBOND      =        0.0000
 1-4 VDW =     1017.2922  1-4 EEL =    12215.3732  RESTRAINT  =        0.0000


   NSTEP       ENERGY          RMS            GMAX         NAME    NUMBER
    350      -2.0409E+05     6.2370E-01     8.9270E+01     C        4338

 BOND    =    12560.9270  ANGLE   =      571.8171  DIHED      =     3513.4955
 VDWAALS =    21590.7966  EEL     =  -255547.1141  HBOND      =        0.0000
 1-4 VDW =     1010.5386  1-4 EEL =    12206.6532  RESTRAINT  =        0.0000


   NSTEP       ENERGY          RMS            GMAX         NAME    NUMBER
    400      -2.0543E+05     4.5573E-01     3.4101E+01     C        4338

 BOND    =    12824.1225  ANGLE   =      571.4816  DIHED      =     3508.4006
 VDWAALS =    22594.1377  EEL     =  -258130.3720  HBOND      =        0.0000
 1-4 VDW =     1006.0667  1-4 EEL =    12197.0967  RESTRAINT  =        0.0000


   NSTEP       ENERGY          RMS            GMAX         NAME    NUMBER
    450      -2.0657E+05     5.3475E-01     7.3920E+01     C        4338

 BOND    =    13051.6258  ANGLE   =      572.5837  DIHED      =     3504.3442
 VDWAALS =    23510.8332  EEL     =  -260400.4838  HBOND      =        0.0000
 1-4 VDW =     1001.9970  1-4 EEL =    12188.6131  RESTRAINT  =        0.0000


   NSTEP       ENERGY          RMS            GMAX         NAME    NUMBER
    500      -2.0755E+05     1.3064E+00     2.2882E+02     C        4338

 BOND    =    13295.0813  ANGLE   =      578.9867  DIHED      =     3500.5869
 VDWAALS =    24364.2689  EEL     =  -262464.5269  HBOND      =        0.0000
 1-4 VDW =      998.4172  1-4 EEL =    12180.3844  RESTRAINT  =        0.0000


   NSTEP       ENERGY          RMS            GMAX         NAME    NUMBER
    550      -2.0846E+05     7.6111E-01     1.0888E+02     C        4338

 BOND    =    13433.1779  ANGLE   =      577.3006  DIHED      =     3497.5868
 VDWAALS =    25131.7132  EEL     =  -264268.8451  HBOND      =        0.0000
 1-4 VDW =      994.8246  1-4 EEL =    12174.0264  RESTRAINT  =        0.0000


   NSTEP       ENERGY          RMS            GMAX         NAME    NUMBER
    600      -2.0924E+05     1.1243E+00     1.5703E+02     C        4338

 BOND    =    13616.2534  ANGLE   =      581.1265  DIHED      =     3494.0827
 VDWAALS =    25836.1377  EEL     =  -265922.9183  HBOND      =        0.0000
 1-4 VDW =      991.8682  1-4 EEL =    12167.5770  RESTRAINT  =        0.0000


   NSTEP       ENERGY          RMS            GMAX         NAME    NUMBER
    650      -2.0999E+05     3.3319E-01     1.1814E+01     CE3      3176

 BOND    =    13748.2456  ANGLE   =      577.7942  DIHED      =     3490.5012
 VDWAALS =    26491.3337  EEL     =  -267447.6880  HBOND      =        0.0000
 1-4 VDW =      989.0525  1-4 EEL =    12161.2308  RESTRAINT  =        0.0000


   NSTEP       ENERGY          RMS            GMAX         NAME    NUMBER
    700      -2.1065E+05     9.0505E-01     1.0295E+02     CE3      3176

 BOND    =    13911.7082  ANGLE   =      581.8974  DIHED      =     3487.8179
 VDWAALS =    27118.7077  EEL     =  -268892.2455  HBOND      =        0.0000
 1-4 VDW =      986.4498  1-4 EEL =    12155.4372  RESTRAINT  =        0.0000


   NSTEP       ENERGY          RMS            GMAX         NAME    NUMBER
    750      -2.1128E+05     4.0054E-01     2.4003E+01     CE3      3176

 BOND    =    14029.9569  ANGLE   =      581.1864  DIHED      =     3485.6388
 VDWAALS =    27688.3007  EEL     =  -270199.8284  HBOND      =        0.0000
 1-4 VDW =      984.4902  1-4 EEL =    12150.4481  RESTRAINT  =        0.0000


   NSTEP       ENERGY          RMS            GMAX         NAME    NUMBER
    800      -2.1183E+05     7.6196E-01     5.7418E+01     CE2      3371

 BOND    =    14163.4235  ANGLE   =      584.6861  DIHED      =     3483.7419
 VDWAALS =    28217.2272  EEL     =  -271410.1344  HBOND      =        0.0000
 1-4 VDW =      982.7144  1-4 EEL =    12145.8629  RESTRAINT  =        0.0000


   NSTEP       ENERGY          RMS            GMAX         NAME    NUMBER
    850      -2.1232E+05     1.1543E+00     1.1265E+02     CE2      3371

 BOND    =    14293.9984  ANGLE   =      587.7596  DIHED      =     3482.0791
 VDWAALS =    28700.5636  EEL     =  -272510.7999  HBOND      =        0.0000
 1-4 VDW =      981.1945  1-4 EEL =    12141.7496  RESTRAINT  =        0.0000


   NSTEP       ENERGY          RMS            GMAX         NAME    NUMBER
    900      -2.1283E+05     4.9075E-01     4.6367E+01     CG       4542

 BOND    =    14371.6889  ANGLE   =      584.3520  DIHED      =     3480.6836
 VDWAALS =    29153.2564  EEL     =  -273535.3354  HBOND      =        0.0000
 1-4 VDW =      979.6745  1-4 EEL =    12137.7537  RESTRAINT  =        0.0000


   NSTEP       ENERGY          RMS            GMAX         NAME    NUMBER
    950      -2.1328E+05     2.8768E-01     1.6057E+01     CE2      3371

 BOND    =    14467.3742  ANGLE   =      585.2072  DIHED      =     3479.3623
 VDWAALS =    29588.9018  EEL     =  -274516.3094  HBOND      =        0.0000
 1-4 VDW =      978.2961  1-4 EEL =    12134.3473  RESTRAINT  =        0.0000


   NSTEP       ENERGY          RMS            GMAX         NAME    NUMBER
   1000      -2.1370E+05     3.9912E-01     3.6272E+01     CE2      3371

 BOND    =    14562.3198  ANGLE   =      586.4709  DIHED      =     3478.1391
 VDWAALS =    29999.5826  EEL     =  -275434.4017  HBOND      =        0.0000
 1-4 VDW =      977.0929  1-4 EEL =    12131.3176  RESTRAINT  =        0.0000


   NSTEP       ENERGY          RMS            GMAX         NAME    NUMBER
   1050      -2.1408E+05     2.5495E-01     1.2676E+01     CE2      3371

 BOND    =    14644.6478  ANGLE   =      586.6886  DIHED      =     3476.9394
 VDWAALS =    30375.7360  EEL     =  -276268.2803  HBOND      =        0.0000
 1-4 VDW =      975.9782  1-4 EEL =    12128.7515  RESTRAINT  =        0.0000


   NSTEP       ENERGY          RMS            GMAX         NAME    NUMBER
   1100      -2.1444E+05     3.0280E-01     2.4448E+01     CE2      3371

 BOND    =    14727.4209  ANGLE   =      587.3622  DIHED      =     3475.6764
 VDWAALS =    30742.6397  EEL     =  -277078.0078  HBOND      =        0.0000
 1-4 VDW =      974.9692  1-4 EEL =    12126.3694  RESTRAINT  =        0.0000


   NSTEP       ENERGY          RMS            GMAX         NAME    NUMBER
   1150      -2.1477E+05     6.9004E-01     8.2833E+01     CE2      3371

 BOND    =    14812.6308  ANGLE   =      588.6168  DIHED      =     3474.4656
 VDWAALS =    31081.5476  EEL     =  -277822.5745  HBOND      =        0.0000
 1-4 VDW =      974.0654  1-4 EEL =    12124.2903  RESTRAINT  =        0.0000


   NSTEP       ENERGY          RMS            GMAX         NAME    NUMBER
   1200      -2.1508E+05     2.4317E-01     1.5616E+01     CE2      3371

 BOND    =    14871.3012  ANGLE   =      588.3079  DIHED      =     3473.3216
 VDWAALS =    31392.3719  EEL     =  -278504.0883  HBOND      =        0.0000
 1-4 VDW =      973.1780  1-4 EEL =    12122.1723  RESTRAINT  =        0.0000


   NSTEP       ENERGY          RMS            GMAX         NAME    NUMBER
   1250      -2.1538E+05     6.0443E-01     7.3126E+01     CE2      3371

 BOND    =    14947.1929  ANGLE   =      589.2508  DIHED      =     3472.1780
 VDWAALS =    31699.7337  EEL     =  -279176.9501  HBOND      =        0.0000
 1-4 VDW =      972.3460  1-4 EEL =    12120.3764  RESTRAINT  =        0.0000


   NSTEP       ENERGY          RMS            GMAX         NAME    NUMBER
   1300      -2.1565E+05     8.6576E-01     1.1401E+02     CE2      3371

 BOND    =    15020.7883  ANGLE   =      590.4060  DIHED      =     3471.2300
 VDWAALS =    31985.5658  EEL     =  -279803.8663  HBOND      =        0.0000
 1-4 VDW =      971.6043  1-4 EEL =    12118.4440  RESTRAINT  =        0.0000


   NSTEP       ENERGY          RMS            GMAX         NAME    NUMBER
   1350      -2.1593E+05     5.4019E-01     7.7495E+01     C        4677

 BOND    =    15069.8250  ANGLE   =      589.7141  DIHED      =     3470.4402
 VDWAALS =    32262.0463  EEL     =  -280410.0243  HBOND      =        0.0000
 1-4 VDW =      970.9459  1-4 EEL =    12116.9161  RESTRAINT  =        0.0000


   NSTEP       ENERGY          RMS            GMAX         NAME    NUMBER
   1400      -2.1617E+05     8.1680E-01     1.4683E+02     C        4677

 BOND    =    15136.2156  ANGLE   =      591.1014  DIHED      =     3469.8598
 VDWAALS =    32520.0433  EEL     =  -280975.3970  HBOND      =        0.0000
 1-4 VDW =      970.3273  1-4 EEL =    12114.6769  RESTRAINT  =        0.0000


   NSTEP       ENERGY          RMS            GMAX         NAME    NUMBER
   1450      -2.1643E+05     3.4891E-01     3.9338E+01     CE2      3371

 BOND    =    15177.7896  ANGLE   =      590.0518  DIHED      =     3469.1030
 VDWAALS =    32766.8783  EEL     =  -281513.8836  HBOND      =        0.0000
 1-4 VDW =      969.5988  1-4 EEL =    12113.5841  RESTRAINT  =        0.0000


   NSTEP       ENERGY          RMS            GMAX         NAME    NUMBER
   1500      -2.1665E+05     6.4710E-01     8.2227E+01     CE2      3371

 BOND    =    15237.3266  ANGLE   =      590.9246  DIHED      =     3468.5113
 VDWAALS =    33002.5374  EEL     =  -282028.9977  HBOND      =        0.0000
 1-4 VDW =      968.9130  1-4 EEL =    12112.3446  RESTRAINT  =        0.0000


   NSTEP       ENERGY          RMS            GMAX         NAME    NUMBER
   1550      -2.1687E+05     1.8741E-01     7.3005E+00     CE2      3371

 BOND    =    15275.4941  ANGLE   =      590.4832  DIHED      =     3468.0288
 VDWAALS =    33219.8469  EEL     =  -282505.7975  HBOND      =        0.0000
 1-4 VDW =      968.2747  1-4 EEL =    12111.0129  RESTRAINT  =        0.0000


   NSTEP       ENERGY          RMS            GMAX         NAME    NUMBER
   1600      -2.1709E+05     5.5645E-01     6.5754E+01     CE2      3371

 BOND    =    15331.4783  ANGLE   =      591.4878  DIHED      =     3467.1283
 VDWAALS =    33441.8106  EEL     =  -282994.6285  HBOND      =        0.0000
 1-4 VDW =      967.5601  1-4 EEL =    12109.8176  RESTRAINT  =        0.0000


   NSTEP       ENERGY          RMS            GMAX         NAME    NUMBER
   1650      -2.1730E+05     1.9125E-01     1.1039E+01     CE2      3371

 BOND    =    15369.9130  ANGLE   =      591.1643  DIHED      =     3465.8934
 VDWAALS =    33646.6067  EEL     =  -283445.2489  HBOND      =        0.0000
 1-4 VDW =      966.9160  1-4 EEL =    12109.2233  RESTRAINT  =        0.0000


   NSTEP       ENERGY          RMS            GMAX         NAME    NUMBER
   1700      -2.1749E+05     5.1218E-01     6.0830E+01     CE2      3371

 BOND    =    15420.5312  ANGLE   =      592.0005  DIHED      =     3464.8975
 VDWAALS =    33849.7484  EEL     =  -283890.4970  HBOND      =        0.0000
 1-4 VDW =      966.4682  1-4 EEL =    12108.0084  RESTRAINT  =        0.0000


   NSTEP       ENERGY          RMS            GMAX         NAME    NUMBER
   1750      -2.1767E+05     7.0195E-01     8.8548E+01     C        4677

 BOND    =    15467.8038  ANGLE   =      592.9090  DIHED      =     3464.0718
 VDWAALS =    34039.5673  EEL     =  -284302.8978  HBOND      =        0.0000
 1-4 VDW =      966.0966  1-4 EEL =    12106.6291  RESTRAINT  =        0.0000


   NSTEP       ENERGY          RMS            GMAX         NAME    NUMBER
   1800      -2.1785E+05     2.9805E-01     3.3567E+01     C        4677

 BOND    =    15497.2661  ANGLE   =      592.5296  DIHED      =     3463.2404
 VDWAALS =    34223.7390  EEL     =  -284699.0819  HBOND      =        0.0000
 1-4 VDW =      965.6779  1-4 EEL =    12105.8301  RESTRAINT  =        0.0000


   NSTEP       ENERGY          RMS            GMAX         NAME    NUMBER
   1850      -2.1801E+05     6.6580E-01     1.4624E+02     C        4677

 BOND    =    15543.6881  ANGLE   =      593.9459  DIHED      =     3462.5126
 VDWAALS =    34400.8061  EEL     =  -285077.7017  HBOND      =        0.0000
 1-4 VDW =      965.2870  1-4 EEL =    12103.8204  RESTRAINT  =        0.0000


   NSTEP       ENERGY          RMS            GMAX         NAME    NUMBER
   1900      -2.1818E+05     3.5104E-01     4.0945E+01     CE2      3371

 BOND    =    15574.2972  ANGLE   =      593.6905  DIHED      =     3461.4573
 VDWAALS =    34576.0719  EEL     =  -285450.2103  HBOND      =        0.0000
 1-4 VDW =      964.7445  1-4 EEL =    12102.9912  RESTRAINT  =        0.0000


   NSTEP       ENERGY          RMS            GMAX         NAME    NUMBER
   1950      -2.1833E+05     5.8222E-01     7.9204E+01     C        4677

 BOND    =    15615.8388  ANGLE   =      594.7278  DIHED      =     3460.4662
 VDWAALS =    34744.8325  EEL     =  -285808.6532  HBOND      =        0.0000
 1-4 VDW =      964.3324  1-4 EEL =    12101.5620  RESTRAINT  =        0.0000


   NSTEP       ENERGY          RMS            GMAX         NAME    NUMBER
   2000      -2.1848E+05     1.6665E-01     1.0342E+01     CE2      3371

 BOND    =    15642.2968  ANGLE   =      594.5003  DIHED      =     3459.4308
 VDWAALS =    34905.5928  EEL     =  -286148.9287  HBOND      =        0.0000
 1-4 VDW =      963.9783  1-4 EEL =    12100.7832  RESTRAINT  =        0.0000


   NSTEP       ENERGY          RMS            GMAX         NAME    NUMBER
   2050      -2.1989E+05     4.4453E-01     4.2106E+01     H1       9200

 BOND    =    16079.4662  ANGLE   =      602.7468  DIHED      =     3451.0074
 VDWAALS =    36970.7961  EEL     =  -290050.4934  HBOND      =        0.0000
 1-4 VDW =      965.1440  1-4 EEL =    12089.0505  RESTRAINT  =        0.0000


   NSTEP       ENERGY          RMS            GMAX         NAME    NUMBER
   2100      -2.2023E+05     3.9312E-01     2.7923E+01     CD       4164

 BOND    =    16116.8524  ANGLE   =      603.3954  DIHED      =     3447.8246
 VDWAALS =    37082.4693  EEL     =  -290532.8860  HBOND      =        0.0000
 1-4 VDW =      961.7842  1-4 EEL =    12085.7009  RESTRAINT  =        0.0000


   NSTEP       ENERGY          RMS            GMAX         NAME    NUMBER
   2150      -2.2057E+05     3.6938E-01     3.0333E+01     CD       4164

 BOND    =    16155.9978  ANGLE   =      601.4778  DIHED      =     3445.9925
 VDWAALS =    37320.7382  EEL     =  -291137.6738  HBOND      =        0.0000
 1-4 VDW =      961.1108  1-4 EEL =    12083.3687  RESTRAINT  =        0.0000


   NSTEP       ENERGY          RMS            GMAX         NAME    NUMBER
   2200      -2.2083E+05     3.0920E-01     2.3778E+01     CB       4158

 BOND    =    16200.6276  ANGLE   =      601.5204  DIHED      =     3444.9494
 VDWAALS =    37516.7367  EEL     =  -291637.8146  HBOND      =        0.0000
 1-4 VDW =      961.1025  1-4 EEL =    12081.0776  RESTRAINT  =        0.0000


   NSTEP       ENERGY          RMS            GMAX         NAME    NUMBER
   2250      -2.2105E+05     3.1501E-01     2.4716E+01     CD       4164

 BOND    =    16242.2341  ANGLE   =      602.2052  DIHED      =     3443.9787
 VDWAALS =    37663.6471  EEL     =  -292043.0958  HBOND      =        0.0000
 1-4 VDW =      960.6116  1-4 EEL =    12078.8017  RESTRAINT  =        0.0000


   NSTEP       ENERGY          RMS            GMAX         NAME    NUMBER
   2300      -2.2129E+05     3.3118E-01     1.7028E+01     CA       4156

 BOND    =    16289.2074  ANGLE   =      602.6768  DIHED      =     3443.2216
 VDWAALS =    37877.0827  EEL     =  -292536.9598  HBOND      =        0.0000
 1-4 VDW =      960.5917  1-4 EEL =    12077.6040  RESTRAINT  =        0.0000


   NSTEP       ENERGY          RMS            GMAX         NAME    NUMBER
   2350      -2.2150E+05     3.3312E-01     2.6435E+01     CD        737

 BOND    =    16324.2834  ANGLE   =      602.6066  DIHED      =     3442.5982
 VDWAALS =    38034.8391  EEL     =  -292937.8209  HBOND      =        0.0000
 1-4 VDW =      960.2758  1-4 EEL =    12076.0175  RESTRAINT  =        0.0000


   NSTEP       ENERGY          RMS            GMAX         NAME    NUMBER
   2400      -2.2170E+05     3.3151E-01     2.2911E+01     CA       4156

 BOND    =    16370.8085  ANGLE   =      603.2948  DIHED      =     3442.1581
 VDWAALS =    38169.3647  EEL     =  -293316.8619  HBOND      =        0.0000
 1-4 VDW =      959.9505  1-4 EEL =    12074.7886  RESTRAINT  =        0.0000


   NSTEP       ENERGY          RMS            GMAX         NAME    NUMBER
   2450      -2.2189E+05     3.2138E-01     2.3813E+01     SG       4627

 BOND    =    16403.4610  ANGLE   =      603.0726  DIHED      =     3441.7926
 VDWAALS =    38322.9183  EEL     =  -293692.3781  HBOND      =        0.0000
 1-4 VDW =      959.7722  1-4 EEL =    12074.6300  RESTRAINT  =        0.0000


   NSTEP       ENERGY          RMS            GMAX         NAME    NUMBER
   2500      -2.2208E+05     3.0813E-01     2.3932E+01     SG       4627

 BOND    =    16438.0674  ANGLE   =      603.0603  DIHED      =     3441.2815
 VDWAALS =    38479.8166  EEL     =  -294073.1133  HBOND      =        0.0000
 1-4 VDW =      959.6051  1-4 EEL =    12074.8399  RESTRAINT  =        0.0000


   NSTEP       ENERGY          RMS            GMAX         NAME    NUMBER
   2550      -2.2227E+05     3.0937E-01     2.1785E+01     SG       4627

 BOND    =    16477.5920  ANGLE   =      603.1255  DIHED      =     3440.6093
 VDWAALS =    38644.6289  EEL     =  -294471.2989  HBOND      =        0.0000
 1-4 VDW =      959.4252  1-4 EEL =    12075.1169  RESTRAINT  =        0.0000


   NSTEP       ENERGY          RMS            GMAX         NAME    NUMBER
   2600      -2.2244E+05     2.9557E-01     2.2945E+01     SG       4627

 BOND    =    16514.9203  ANGLE   =      603.2204  DIHED      =     3439.8530
 VDWAALS =    38772.5405  EEL     =  -294806.9514  HBOND      =        0.0000
 1-4 VDW =      959.0855  1-4 EEL =    12073.6083  RESTRAINT  =        0.0000


   NSTEP       ENERGY          RMS            GMAX         NAME    NUMBER
   2650      -2.2263E+05     2.9966E-01     1.6008E+01     SG       4627

 BOND    =    16559.1531  ANGLE   =      603.6322  DIHED      =     3439.1609
 VDWAALS =    38968.0431  EEL     =  -295230.7406  HBOND      =        0.0000
 1-4 VDW =      959.0277  1-4 EEL =    12072.3551  RESTRAINT  =        0.0000


   NSTEP       ENERGY          RMS            GMAX         NAME    NUMBER
   2700      -2.2281E+05     3.0432E-01     1.6108E+01     SG       4627

 BOND    =    16599.2289  ANGLE   =      603.0847  DIHED      =     3438.4565
 VDWAALS =    39123.3005  EEL     =  -295601.8255  HBOND      =        0.0000
 1-4 VDW =      958.6978  1-4 EEL =    12070.8298  RESTRAINT  =        0.0000


   NSTEP       ENERGY          RMS            GMAX         NAME    NUMBER
   2750      -2.2298E+05     2.9751E-01     1.9402E+01     CB       4158

 BOND    =    16636.3545  ANGLE   =      603.1030  DIHED      =     3437.7974
 VDWAALS =    39265.7797  EEL     =  -295947.3411  HBOND      =        0.0000
 1-4 VDW =      958.3700  1-4 EEL =    12069.0495  RESTRAINT  =        0.0000


   NSTEP       ENERGY          RMS            GMAX         NAME    NUMBER
   2800      -2.2313E+05     2.8081E-01     2.1047E+01     SG       4627

 BOND    =    16669.8361  ANGLE   =      602.6515  DIHED      =     3437.3009
 VDWAALS =    39397.6778  EEL     =  -296260.9421  HBOND      =        0.0000
 1-4 VDW =      957.9916  1-4 EEL =    12067.5166  RESTRAINT  =        0.0000


   NSTEP       ENERGY          RMS            GMAX         NAME    NUMBER
   2850      -2.2329E+05     2.8085E-01     2.1435E+01     SG       4627

 BOND    =    16705.4563  ANGLE   =      601.3903  DIHED      =     3436.8547
 VDWAALS =    39538.9347  EEL     =  -296591.7142  HBOND      =        0.0000
 1-4 VDW =      957.5641  1-4 EEL =    12066.4030  RESTRAINT  =        0.0000


   NSTEP       ENERGY          RMS            GMAX         NAME    NUMBER
   2900      -2.2344E+05     3.2368E-01     2.2573E+01     SG       4627

 BOND    =    16735.6188  ANGLE   =      601.6750  DIHED      =     3436.4237
 VDWAALS =    39663.4991  EEL     =  -296898.0278  HBOND      =        0.0000
 1-4 VDW =      957.0849  1-4 EEL =    12064.9529  RESTRAINT  =        0.0000


   NSTEP       ENERGY          RMS            GMAX         NAME    NUMBER
   2950      -2.2374E+05     4.0588E-01     2.6758E+01     O       45403

 BOND    =    16789.6976  ANGLE   =      604.4293  DIHED      =     3435.9597
 VDWAALS =    39986.3923  EEL     =  -297574.3656  HBOND      =        0.0000
 1-4 VDW =      955.9688  1-4 EEL =    12062.8000  RESTRAINT  =        0.0000


   NSTEP       ENERGY          RMS            GMAX         NAME    NUMBER
   3000      -2.2389E+05     3.0215E-01     1.7609E+01     HA       4157

 BOND    =    16843.3654  ANGLE   =      606.7668  DIHED      =     3435.8783
 VDWAALS =    40045.0150  EEL     =  -297836.7313  HBOND      =        0.0000
 1-4 VDW =      955.6740  1-4 EEL =    12061.1727  RESTRAINT  =        0.0000


   NSTEP       ENERGY          RMS            GMAX         NAME    NUMBER
   3050      -2.2399E+05     2.6023E-01     1.5743E+01     CD        248

 BOND    =    16848.2885  ANGLE   =      605.0710  DIHED      =     3435.3455
 VDWAALS =    40119.5614  EEL     =  -298018.8504  HBOND      =        0.0000
 1-4 VDW =      955.4010  1-4 EEL =    12060.1992  RESTRAINT  =        0.0000


   NSTEP       ENERGY          RMS            GMAX         NAME    NUMBER
   3100      -2.2410E+05     2.4313E-01     1.4564E+01     CB       4158

 BOND    =    16868.8825  ANGLE   =      605.4282  DIHED      =     3434.7590
 VDWAALS =    40200.5003  EEL     =  -298221.9332  HBOND      =        0.0000
 1-4 VDW =      955.0054  1-4 EEL =    12059.3738  RESTRAINT  =        0.0000


   NSTEP       ENERGY          RMS            GMAX         NAME    NUMBER
   3150      -2.2422E+05     1.9403E-01     1.5173E+01     CD        737

 BOND    =    16890.3573  ANGLE   =      605.1794  DIHED      =     3434.0713
 VDWAALS =    40305.4391  EEL     =  -298468.4728  HBOND      =        0.0000
 1-4 VDW =      954.5784  1-4 EEL =    12057.9590  RESTRAINT  =        0.0000


   NSTEP       ENERGY          RMS            GMAX         NAME    NUMBER
   3200      -2.2433E+05     2.0236E-01     1.1771E+01     HA       4157

 BOND    =    16914.5244  ANGLE   =      606.1338  DIHED      =     3433.8670
 VDWAALS =    40413.8353  EEL     =  -298713.5096  HBOND      =        0.0000
 1-4 VDW =      954.3755  1-4 EEL =    12056.9699  RESTRAINT  =        0.0000


   NSTEP       ENERGY          RMS            GMAX         NAME    NUMBER
   3250      -2.2444E+05     2.7285E-01     2.0834E+01     C        4677

 BOND    =    16945.5739  ANGLE   =      608.1589  DIHED      =     3434.4125
 VDWAALS =    40511.9583  EEL     =  -298946.9956  HBOND      =        0.0000
 1-4 VDW =      954.4380  1-4 EEL =    12055.4337  RESTRAINT  =        0.0000


   NSTEP       ENERGY          RMS            GMAX         NAME    NUMBER
   3300      -2.2454E+05     2.6980E-01     1.8453E+01     C        4677

 BOND    =    16961.4026  ANGLE   =      608.7832  DIHED      =     3434.1403
 VDWAALS =    40606.8018  EEL     =  -299164.6989  HBOND      =        0.0000
 1-4 VDW =      953.9871  1-4 EEL =    12054.6555  RESTRAINT  =        0.0000


   NSTEP       ENERGY          RMS            GMAX         NAME    NUMBER
   3350      -2.2463E+05     2.2585E-01     1.2215E+01     HA       4157

 BOND    =    16980.3365  ANGLE   =      606.5846  DIHED      =     3433.7223
 VDWAALS =    40679.5218  EEL     =  -299341.6268  HBOND      =        0.0000
 1-4 VDW =      953.9360  1-4 EEL =    12053.7426  RESTRAINT  =        0.0000


   NSTEP       ENERGY          RMS            GMAX         NAME    NUMBER
   3400      -2.2477E+05     1.8275E-01     1.6841E+01     CD        737

 BOND    =    17011.1016  ANGLE   =      605.3239  DIHED      =     3433.3033
 VDWAALS =    40817.4145  EEL     =  -299645.9155  HBOND      =        0.0000
 1-4 VDW =      953.8919  1-4 EEL =    12052.9116  RESTRAINT  =        0.0000


   NSTEP       ENERGY          RMS            GMAX         NAME    NUMBER
   3450      -2.2487E+05     1.3282E-01     8.8763E+00     HA       4157

 BOND    =    17032.6906  ANGLE   =      604.4401  DIHED      =     3433.0319
 VDWAALS =    40912.1433  EEL     =  -299860.1524  HBOND      =        0.0000
 1-4 VDW =      953.9335  1-4 EEL =    12052.5993  RESTRAINT  =        0.0000


   NSTEP       ENERGY          RMS            GMAX         NAME    NUMBER
   3500      -2.2499E+05     1.2758E-01     8.0635E+00     HA       4157

 BOND    =    17058.4774  ANGLE   =      604.7926  DIHED      =     3432.9637
 VDWAALS =    41035.5844  EEL     =  -300124.7302  HBOND      =        0.0000
 1-4 VDW =      953.7685  1-4 EEL =    12051.4380  RESTRAINT  =        0.0000


   NSTEP       ENERGY          RMS            GMAX         NAME    NUMBER
   3550      -2.2512E+05     1.4615E-01     1.3210E+01     CD        737

 BOND    =    17089.1904  ANGLE   =      605.5459  DIHED      =     3432.7038
 VDWAALS =    41184.4587  EEL     =  -300441.4629  HBOND      =        0.0000
 1-4 VDW =      953.7609  1-4 EEL =    12051.1333  RESTRAINT  =        0.0000


   NSTEP       ENERGY          RMS            GMAX         NAME    NUMBER
   3600      -2.2521E+05     1.3858E-01     9.1971E+00     CB       4173

 BOND    =    17103.7785  ANGLE   =      605.2128  DIHED      =     3432.2491
 VDWAALS =    41257.1491  EEL     =  -300612.3957  HBOND      =        0.0000
 1-4 VDW =      953.7646  1-4 EEL =    12050.6838  RESTRAINT  =        0.0000


   NSTEP       ENERGY          RMS            GMAX         NAME    NUMBER
   3650      -2.2529E+05     1.3642E-01     8.3595E+00     CB       4173

 BOND    =    17120.0685  ANGLE   =      605.6318  DIHED      =     3431.8904
 VDWAALS =    41331.4536  EEL     =  -300783.4039  HBOND      =        0.0000
 1-4 VDW =      953.8017  1-4 EEL =    12050.1705  RESTRAINT  =        0.0000


   NSTEP       ENERGY          RMS            GMAX         NAME    NUMBER
   3700      -2.2536E+05     1.1941E-01     1.1904E+01     C        4677

 BOND    =    17135.4155  ANGLE   =      605.7910  DIHED      =     3431.3159
 VDWAALS =    41398.3727  EEL     =  -300936.4594  HBOND      =        0.0000
 1-4 VDW =      953.7753  1-4 EEL =    12049.8366  RESTRAINT  =        0.0000


   NSTEP       ENERGY          RMS            GMAX         NAME    NUMBER
   3750      -2.2543E+05     1.0333E-01     6.6243E+00     HA       4157

 BOND    =    17148.8038  ANGLE   =      606.1261  DIHED      =     3430.9782
 VDWAALS =    41457.9901  EEL     =  -301076.8091  HBOND      =        0.0000
 1-4 VDW =      953.7892  1-4 EEL =    12049.2776  RESTRAINT  =        0.0000


   NSTEP       ENERGY          RMS            GMAX         NAME    NUMBER
   3800      -2.2551E+05     1.1645E-01     7.1585E+00     HA       4157

 BOND    =    17165.4785  ANGLE   =      606.8012  DIHED      =     3430.6383
 VDWAALS =    41527.5990  EEL     =  -301240.8518  HBOND      =        0.0000
 1-4 VDW =      953.7314  1-4 EEL =    12048.7269  RESTRAINT  =        0.0000


   NSTEP       ENERGY          RMS            GMAX         NAME    NUMBER
   3850      -2.2558E+05     1.0948E-01     5.8665E+00     C        4167

 BOND    =    17176.5239  ANGLE   =      606.9024  DIHED      =     3430.2888
 VDWAALS =    41590.9450  EEL     =  -301389.3850  HBOND      =        0.0000
 1-4 VDW =      953.7475  1-4 EEL =    12048.0163  RESTRAINT  =        0.0000


   NSTEP       ENERGY          RMS            GMAX         NAME    NUMBER
   3900      -2.2564E+05     1.0126E-01     4.6696E+00     HA       4157

 BOND    =    17188.3031  ANGLE   =      607.1649  DIHED      =     3430.0193
 VDWAALS =    41634.9032  EEL     =  -301503.6757  HBOND      =        0.0000
 1-4 VDW =      953.5055  1-4 EEL =    12047.5889  RESTRAINT  =        0.0000


   NSTEP       ENERGY          RMS            GMAX         NAME    NUMBER
   3950      -2.2572E+05     1.4087E-01     9.3881E+00     CD       3725

 BOND    =    17204.7718  ANGLE   =      608.0391  DIHED      =     3429.5881
 VDWAALS =    41689.6256  EEL     =  -301650.0997  HBOND      =        0.0000
 1-4 VDW =      953.1779  1-4 EEL =    12046.8908  RESTRAINT  =        0.0000


   NSTEP       ENERGY          RMS            GMAX         NAME    NUMBER
   4000      -2.2584E+05     1.3414E-01     1.5523E+01     CD       3725

 BOND    =    17227.8734  ANGLE   =      608.7101  DIHED      =     3427.1368
 VDWAALS =    41784.9344  EEL     =  -301890.6234  HBOND      =        0.0000
 1-4 VDW =      953.4395  1-4 EEL =    12045.4340  RESTRAINT  =        0.0000


  Maximum number of minimization cycles reached.


                    FINAL RESULTS



   NSTEP       ENERGY          RMS            GMAX         NAME    NUMBER
   4000      -2.2584E+05     1.3414E-01     1.5523E+01     CD       3725

 BOND    =    17227.8734  ANGLE   =      608.7101  DIHED      =     3427.1368
 VDWAALS =    41784.9344  EEL     =  -301890.6234  HBOND      =        0.0000
 1-4 VDW =      953.4395  1-4 EEL =    12045.4340  RESTRAINT  =        0.0000

--------------------------------------------------------------------------------
   5.  TIMINGS
--------------------------------------------------------------------------------

|                Build the list            10.10 (93.85% of List )
|                Other                      0.66 ( 6.15% of List )
|             List time                 10.76 ( 0.92% of Nonbo)
|                   Short_ene time           852.31 (98.98% of Direc)
|                   Other                      8.80 ( 1.02% of Direc)
|                Direct Ewald time        861.11 (74.50% of Ewald)
|                Adjust Ewald time          8.85 ( 0.77% of Ewald)
|                   Fill Bspline coeffs        8.98 ( 3.16% of Recip)
|                   Fill charge grid          29.19 (10.28% of Recip)
|                   Scalar sum                95.10 (33.50% of Recip)
|                   Grad sum                  54.85 (19.32% of Recip)
|                   FFT time                  95.78 (33.74% of Recip)
|                Recip Ewald time         283.91 (24.56% of Ewald)
|                Virial junk                0.85 ( 0.07% of Ewald)
|                Other                      1.11 ( 0.10% of Ewald)
|             Ewald time              1155.83 (99.08% of Nonbo)
|          Nonbond force           1166.59 (98.74% of Force)
|          Bond/Angle/Dihedral       14.71 ( 1.25% of Force)
|          Other                      0.16 ( 0.01% of Force)
|       Force time              1181.47 (100.0% of Runmd)
|    Runmd Time              1181.47 (98.79% of Total)
|    Other                     14.40 ( 1.20% of Total)
| Total time              1195.90 (100.0% of ALL  )

| Number of list builds   :         26

| Highest rstack allocated:    3385597
| Highest istack allocated:      56037
|           Job began  at 16:16:50.889  on 06/21/2021
|           Setup done at 16:16:51.280  on 06/21/2021
|           Run   done at 16:36:46.787  on 06/21/2021
|     wallclock() was called  152100 times

|3D-RISM memory allocation summary
|Type          Maximum        Current   
|Integer       0.00000 GB     0.00000 GB
|Real          0.00000 GB     0.00000 GB
|Logical       0.00000 GB     0.00000 GB
|Character     0.00000 GB     0.00000 GB
|---------------------------------------
|Total         0.00000 GB     0.00000 GB
